2021-05-26T06:59:46+00:00 CRITICAL Uncaught ArgumentCountError: Too few arguments to function apply_filters(), 1 passed in /Users/quanbka/cardigan/wp-content/themes/lep/woocommerce/loop/pagination.php on line 47 and exactly 2 expected in /Users/quanbka/cardigan/wp-includes/plugin.php:187
Stack trace:
#0 /Users/quanbka/cardigan/wp-content/themes/lep/woocommerce/loop/pagination.php(47): apply_filters('woocommerce_pag...')
#1 /Users/quanbka/cardigan/wp-content/plugins/woocommerce/includes/wc-core-functions.php(345): include('/Users/quanbka/...')
#2 /Users/quanbka/cardigan/wp-content/plugins/woocommerce/includes/wc-template-functions.php(1468): wc_get_template('loop/pagination...', Array)
#3 /Users/quanbka/cardigan/wp-includes/class-wp-hook.php(292): woocommerce_pagination('')
#4 /Users/quanbka/cardigan/wp-includes/class-wp-hook.php(316): WP_Hook->apply_filters('', Array)
#5 /Users/quanbka/cardigan/wp-includes/plugin.php(484): WP_Hook->do_action(Array)
#6 /Users/quanbka/cardigan/wp-content/themes/lep/woocommerce/archive-product.php(147): do_action in /Users/quanbka/cardigan/wp-includes/plugin.php on line 187

2021-05-26T09:34:59+00:00 CRITICAL Uncaught Error: Call to undefined method WC_Product_Variable::getSKU() in /Users/quanbka/cardigan/wp-content/themes/lep/woocommerce/single-product/title.php:25
Stack trace:
#0 /Users/quanbka/cardigan/wp-content/plugins/woocommerce/includes/wc-core-functions.php(345): include()
#1 /Users/quanbka/cardigan/wp-content/plugins/woocommerce/includes/wc-template-functions.php(1553): wc_get_template('single-product/...')
#2 /Users/quanbka/cardigan/wp-includes/class-wp-hook.php(292): woocommerce_template_single_title('')
#3 /Users/quanbka/cardigan/wp-includes/class-wp-hook.php(316): WP_Hook->apply_filters('', Array)
#4 /Users/quanbka/cardigan/wp-includes/plugin.php(484): WP_Hook->do_action(Array)
#5 /Users/quanbka/cardigan/wp-content/themes/lep/woocommerce/content-single-product.php(65): do_action('woocommerce_sin...')
#6 /Users/quanbka/cardigan/wp-includes/template.php(732): require('/Users/quanbka/...')
#7 /Users/quanbka/cardigan/wp-content/plugins/woocommerce/includes/wc-core-functions.php(284): load_template('/User in /Users/quanbka/cardigan/wp-content/themes/lep/woocommerce/single-product/title.php on line 25

2021-05-26T09:35:05+00:00 CRITICAL Uncaught Error: Call to undefined method WC_Product_Variable::sku() in /Users/quanbka/cardigan/wp-content/themes/lep/woocommerce/single-product/title.php:25
Stack trace:
#0 /Users/quanbka/cardigan/wp-content/plugins/woocommerce/includes/wc-core-functions.php(345): include()
#1 /Users/quanbka/cardigan/wp-content/plugins/woocommerce/includes/wc-template-functions.php(1553): wc_get_template('single-product/...')
#2 /Users/quanbka/cardigan/wp-includes/class-wp-hook.php(292): woocommerce_template_single_title('')
#3 /Users/quanbka/cardigan/wp-includes/class-wp-hook.php(316): WP_Hook->apply_filters('', Array)
#4 /Users/quanbka/cardigan/wp-includes/plugin.php(484): WP_Hook->do_action(Array)
#5 /Users/quanbka/cardigan/wp-content/themes/lep/woocommerce/content-single-product.php(65): do_action('woocommerce_sin...')
#6 /Users/quanbka/cardigan/wp-includes/template.php(732): require('/Users/quanbka/...')
#7 /Users/quanbka/cardigan/wp-content/plugins/woocommerce/includes/wc-core-functions.php(284): load_template('/Users/q in /Users/quanbka/cardigan/wp-content/themes/lep/woocommerce/single-product/title.php on line 25

2021-05-26T09:35:10+00:00 CRITICAL Uncaught Error: Call to undefined method WC_Product_Variable::getSku() in /Users/quanbka/cardigan/wp-content/themes/lep/woocommerce/single-product/title.php:25
Stack trace:
#0 /Users/quanbka/cardigan/wp-content/plugins/woocommerce/includes/wc-core-functions.php(345): include()
#1 /Users/quanbka/cardigan/wp-content/plugins/woocommerce/includes/wc-template-functions.php(1553): wc_get_template('single-product/...')
#2 /Users/quanbka/cardigan/wp-includes/class-wp-hook.php(292): woocommerce_template_single_title('')
#3 /Users/quanbka/cardigan/wp-includes/class-wp-hook.php(316): WP_Hook->apply_filters('', Array)
#4 /Users/quanbka/cardigan/wp-includes/plugin.php(484): WP_Hook->do_action(Array)
#5 /Users/quanbka/cardigan/wp-content/themes/lep/woocommerce/content-single-product.php(65): do_action('woocommerce_sin...')
#6 /Users/quanbka/cardigan/wp-includes/template.php(732): require('/Users/quanbka/...')
#7 /Users/quanbka/cardigan/wp-content/plugins/woocommerce/includes/wc-core-functions.php(284): load_template('/User in /Users/quanbka/cardigan/wp-content/themes/lep/woocommerce/single-product/title.php on line 25

